Performing C SOURCE FILE Test OpenMP_FLAG_DETECTED failed with the following output:
Change Dir: /Users/er113/2014-05_beth_pcbm-cg-dos/gromacs-4.6.5/build/CMakeFiles/CMakeTmp

Run Build Command:/usr/bin/make "cmTryCompileExec3263780011/fast"
/usr/bin/make -f CMakeFiles/cmTryCompileExec3263780011.dir/build.make CMakeFiles/cmTryCompileExec3263780011.dir/build
"/Applications/CMake 2.8-12.app/Contents/bin/cmake" -E cmake_progress_report /Users/er113/2014-05_beth_pcbm-cg-dos/gromacs-4.6.5/build/CMakeFiles/CMakeTmp/CMakeFiles 1
Building C object CMakeFiles/cmTryCompileExec3263780011.dir/src.c.o
/usr/bin/cc   -DOpenMP_FLAG_DETECTED -fopenmp   -o CMakeFiles/cmTryCompileExec3263780011.dir/src.c.o   -c /Users/er113/2014-05_beth_pcbm-cg-dos/gromacs-4.6.5/build/CMakeFiles/CMakeTmp/src.c
clang: warning: argument unused during compilation: '-fopenmp'
/Users/er113/2014-05_beth_pcbm-cg-dos/gromacs-4.6.5/build/CMakeFiles/CMakeTmp/src.c:2:10: fatal error: 'omp.h' file not found
#include <omp.h>
         ^
1 error generated.
make[1]: *** [CMakeFiles/cmTryCompileExec3263780011.dir/src.c.o] Error 1
make: *** [cmTryCompileExec3263780011/fast] Error 2

Source file was:

#include <omp.h>
int main() { 
#ifdef _OPENMP
  return 0; 
#else
  breaks_on_purpose
#endif
}

Performing C SOURCE FILE Test OpenMP_FLAG_DETECTED failed with the following output:
Change Dir: /Users/er113/2014-05_beth_pcbm-cg-dos/gromacs-4.6.5/build/CMakeFiles/CMakeTmp

Run Build Command:/usr/bin/make "cmTryCompileExec1476731368/fast"
/usr/bin/make -f CMakeFiles/cmTryCompileExec1476731368.dir/build.make CMakeFiles/cmTryCompileExec1476731368.dir/build
"/Applications/CMake 2.8-12.app/Contents/bin/cmake" -E cmake_progress_report /Users/er113/2014-05_beth_pcbm-cg-dos/gromacs-4.6.5/build/CMakeFiles/CMakeTmp/CMakeFiles 1
Building C object CMakeFiles/cmTryCompileExec1476731368.dir/src.c.o
/usr/bin/cc   -DOpenMP_FLAG_DETECTED /openmp   -o CMakeFiles/cmTryCompileExec1476731368.dir/src.c.o   -c /Users/er113/2014-05_beth_pcbm-cg-dos/gromacs-4.6.5/build/CMakeFiles/CMakeTmp/src.c
clang: error: no such file or directory: '/openmp'
make[1]: *** [CMakeFiles/cmTryCompileExec1476731368.dir/src.c.o] Error 1
make: *** [cmTryCompileExec1476731368/fast] Error 2

Source file was:

#include <omp.h>
int main() { 
#ifdef _OPENMP
  return 0; 
#else
  breaks_on_purpose
#endif
}

Performing C SOURCE FILE Test OpenMP_FLAG_DETECTED failed with the following output:
Change Dir: /Users/er113/2014-05_beth_pcbm-cg-dos/gromacs-4.6.5/build/CMakeFiles/CMakeTmp

Run Build Command:/usr/bin/make "cmTryCompileExec984997115/fast"
/usr/bin/make -f CMakeFiles/cmTryCompileExec984997115.dir/build.make CMakeFiles/cmTryCompileExec984997115.dir/build
"/Applications/CMake 2.8-12.app/Contents/bin/cmake" -E cmake_progress_report /Users/er113/2014-05_beth_pcbm-cg-dos/gromacs-4.6.5/build/CMakeFiles/CMakeTmp/CMakeFiles 1
Building C object CMakeFiles/cmTryCompileExec984997115.dir/src.c.o
/usr/bin/cc   -DOpenMP_FLAG_DETECTED -Qopenmp   -o CMakeFiles/cmTryCompileExec984997115.dir/src.c.o   -c /Users/er113/2014-05_beth_pcbm-cg-dos/gromacs-4.6.5/build/CMakeFiles/CMakeTmp/src.c
clang: error: unknown argument: '-Qopenmp' [-Wunused-command-line-argument-hard-error-in-future]
clang: note: this will be a hard error (cannot be downgraded to a warning) in the future
make[1]: *** [CMakeFiles/cmTryCompileExec984997115.dir/src.c.o] Error 1
make: *** [cmTryCompileExec984997115/fast] Error 2

Source file was:

#include <omp.h>
int main() { 
#ifdef _OPENMP
  return 0; 
#else
  breaks_on_purpose
#endif
}

Performing C SOURCE FILE Test OpenMP_FLAG_DETECTED failed with the following output:
Change Dir: /Users/er113/2014-05_beth_pcbm-cg-dos/gromacs-4.6.5/build/CMakeFiles/CMakeTmp

Run Build Command:/usr/bin/make "cmTryCompileExec198883221/fast"
/usr/bin/make -f CMakeFiles/cmTryCompileExec198883221.dir/build.make CMakeFiles/cmTryCompileExec198883221.dir/build
"/Applications/CMake 2.8-12.app/Contents/bin/cmake" -E cmake_progress_report /Users/er113/2014-05_beth_pcbm-cg-dos/gromacs-4.6.5/build/CMakeFiles/CMakeTmp/CMakeFiles 1
Building C object CMakeFiles/cmTryCompileExec198883221.dir/src.c.o
/usr/bin/cc   -DOpenMP_FLAG_DETECTED -openmp   -o CMakeFiles/cmTryCompileExec198883221.dir/src.c.o   -c /Users/er113/2014-05_beth_pcbm-cg-dos/gromacs-4.6.5/build/CMakeFiles/CMakeTmp/src.c
/Users/er113/2014-05_beth_pcbm-cg-dos/gromacs-4.6.5/build/CMakeFiles/CMakeTmp/src.c:2:10: fatal error: 'omp.h' file not found
#include <omp.h>
         ^
1 error generated.
make[1]: *** [CMakeFiles/cmTryCompileExec198883221.dir/src.c.o] Error 1
make: *** [cmTryCompileExec198883221/fast] Error 2

Source file was:

#include <omp.h>
int main() { 
#ifdef _OPENMP
  return 0; 
#else
  breaks_on_purpose
#endif
}

Performing C SOURCE FILE Test OpenMP_FLAG_DETECTED failed with the following output:
Change Dir: /Users/er113/2014-05_beth_pcbm-cg-dos/gromacs-4.6.5/build/CMakeFiles/CMakeTmp

Run Build Command:/usr/bin/make "cmTryCompileExec2023129433/fast"
/usr/bin/make -f CMakeFiles/cmTryCompileExec2023129433.dir/build.make CMakeFiles/cmTryCompileExec2023129433.dir/build
"/Applications/CMake 2.8-12.app/Contents/bin/cmake" -E cmake_progress_report /Users/er113/2014-05_beth_pcbm-cg-dos/gromacs-4.6.5/build/CMakeFiles/CMakeTmp/CMakeFiles 1
Building C object CMakeFiles/cmTryCompileExec2023129433.dir/src.c.o
/usr/bin/cc   -DOpenMP_FLAG_DETECTED   -o CMakeFiles/cmTryCompileExec2023129433.dir/src.c.o   -c /Users/er113/2014-05_beth_pcbm-cg-dos/gromacs-4.6.5/build/CMakeFiles/CMakeTmp/src.c
/Users/er113/2014-05_beth_pcbm-cg-dos/gromacs-4.6.5/build/CMakeFiles/CMakeTmp/src.c:2:10: fatal error: 'omp.h' file not found
#include <omp.h>
         ^
1 error generated.
make[1]: *** [CMakeFiles/cmTryCompileExec2023129433.dir/src.c.o] Error 1
make: *** [cmTryCompileExec2023129433/fast] Error 2

Source file was:

#include <omp.h>
int main() { 
#ifdef _OPENMP
  return 0; 
#else
  breaks_on_purpose
#endif
}

Performing C SOURCE FILE Test OpenMP_FLAG_DETECTED failed with the following output:
Change Dir: /Users/er113/2014-05_beth_pcbm-cg-dos/gromacs-4.6.5/build/CMakeFiles/CMakeTmp

Run Build Command:/usr/bin/make "cmTryCompileExec2397071344/fast"
/usr/bin/make -f CMakeFiles/cmTryCompileExec2397071344.dir/build.make CMakeFiles/cmTryCompileExec2397071344.dir/build
"/Applications/CMake 2.8-12.app/Contents/bin/cmake" -E cmake_progress_report /Users/er113/2014-05_beth_pcbm-cg-dos/gromacs-4.6.5/build/CMakeFiles/CMakeTmp/CMakeFiles 1
Building C object CMakeFiles/cmTryCompileExec2397071344.dir/src.c.o
/usr/bin/cc   -DOpenMP_FLAG_DETECTED -xopenmp   -o CMakeFiles/cmTryCompileExec2397071344.dir/src.c.o   -c /Users/er113/2014-05_beth_pcbm-cg-dos/gromacs-4.6.5/build/CMakeFiles/CMakeTmp/src.c
clang: error: language not recognized: 'openmp'
clang: warning: /Users/er113/2014-05_beth_pcbm-cg-dos/gromacs-4.6.5/build/CMakeFiles/CMakeTmp/src.c: 'linker' input unused
make[1]: *** [CMakeFiles/cmTryCompileExec2397071344.dir/src.c.o] Error 1
make: *** [cmTryCompileExec2397071344/fast] Error 2

Source file was:

#include <omp.h>
int main() { 
#ifdef _OPENMP
  return 0; 
#else
  breaks_on_purpose
#endif
}

Performing C SOURCE FILE Test OpenMP_FLAG_DETECTED failed with the following output:
Change Dir: /Users/er113/2014-05_beth_pcbm-cg-dos/gromacs-4.6.5/build/CMakeFiles/CMakeTmp

Run Build Command:/usr/bin/make "cmTryCompileExec2780794387/fast"
/usr/bin/make -f CMakeFiles/cmTryCompileExec2780794387.dir/build.make CMakeFiles/cmTryCompileExec2780794387.dir/build
"/Applications/CMake 2.8-12.app/Contents/bin/cmake" -E cmake_progress_report /Users/er113/2014-05_beth_pcbm-cg-dos/gromacs-4.6.5/build/CMakeFiles/CMakeTmp/CMakeFiles 1
Building C object CMakeFiles/cmTryCompileExec2780794387.dir/src.c.o
/usr/bin/cc   -DOpenMP_FLAG_DETECTED +Oopenmp   -o CMakeFiles/cmTryCompileExec2780794387.dir/src.c.o   -c /Users/er113/2014-05_beth_pcbm-cg-dos/gromacs-4.6.5/build/CMakeFiles/CMakeTmp/src.c
clang: error: no such file or directory: '+Oopenmp'
make[1]: *** [CMakeFiles/cmTryCompileExec2780794387.dir/src.c.o] Error 1
make: *** [cmTryCompileExec2780794387/fast] Error 2

Source file was:

#include <omp.h>
int main() { 
#ifdef _OPENMP
  return 0; 
#else
  breaks_on_purpose
#endif
}

Performing C SOURCE FILE Test OpenMP_FLAG_DETECTED failed with the following output:
Change Dir: /Users/er113/2014-05_beth_pcbm-cg-dos/gromacs-4.6.5/build/CMakeFiles/CMakeTmp

Run Build Command:/usr/bin/make "cmTryCompileExec2221672407/fast"
/usr/bin/make -f CMakeFiles/cmTryCompileExec2221672407.dir/build.make CMakeFiles/cmTryCompileExec2221672407.dir/build
"/Applications/CMake 2.8-12.app/Contents/bin/cmake" -E cmake_progress_report /Users/er113/2014-05_beth_pcbm-cg-dos/gromacs-4.6.5/build/CMakeFiles/CMakeTmp/CMakeFiles 1
Building C object CMakeFiles/cmTryCompileExec2221672407.dir/src.c.o
/usr/bin/cc   -DOpenMP_FLAG_DETECTED -qsmp   -o CMakeFiles/cmTryCompileExec2221672407.dir/src.c.o   -c /Users/er113/2014-05_beth_pcbm-cg-dos/gromacs-4.6.5/build/CMakeFiles/CMakeTmp/src.c
clang: error: unknown argument: '-qsmp' [-Wunused-command-line-argument-hard-error-in-future]
clang: note: this will be a hard error (cannot be downgraded to a warning) in the future
make[1]: *** [CMakeFiles/cmTryCompileExec2221672407.dir/src.c.o] Error 1
make: *** [cmTryCompileExec2221672407/fast] Error 2

Source file was:

#include <omp.h>
int main() { 
#ifdef _OPENMP
  return 0; 
#else
  breaks_on_purpose
#endif
}

Performing C SOURCE FILE Test OpenMP_FLAG_DETECTED failed with the following output:
Change Dir: /Users/er113/2014-05_beth_pcbm-cg-dos/gromacs-4.6.5/build/CMakeFiles/CMakeTmp

Run Build Command:/usr/bin/make "cmTryCompileExec3422094683/fast"
/usr/bin/make -f CMakeFiles/cmTryCompileExec3422094683.dir/build.make CMakeFiles/cmTryCompileExec3422094683.dir/build
"/Applications/CMake 2.8-12.app/Contents/bin/cmake" -E cmake_progress_report /Users/er113/2014-05_beth_pcbm-cg-dos/gromacs-4.6.5/build/CMakeFiles/CMakeTmp/CMakeFiles 1
Building C object CMakeFiles/cmTryCompileExec3422094683.dir/src.c.o
/usr/bin/cc   -DOpenMP_FLAG_DETECTED -mp   -o CMakeFiles/cmTryCompileExec3422094683.dir/src.c.o   -c /Users/er113/2014-05_beth_pcbm-cg-dos/gromacs-4.6.5/build/CMakeFiles/CMakeTmp/src.c
clang: error: unknown argument: '-mp' [-Wunused-command-line-argument-hard-error-in-future]
clang: note: this will be a hard error (cannot be downgraded to a warning) in the future
make[1]: *** [CMakeFiles/cmTryCompileExec3422094683.dir/src.c.o] Error 1
make: *** [cmTryCompileExec3422094683/fast] Error 2

Source file was:

#include <omp.h>
int main() { 
#ifdef _OPENMP
  return 0; 
#else
  breaks_on_purpose
#endif
}

Determining if files direct.h exist failed with the following output:
Change Dir: /Users/er113/2014-05_beth_pcbm-cg-dos/gromacs-4.6.5/build/CMakeFiles/CMakeTmp

Run Build Command:/usr/bin/make "cmTryCompileExec107165563/fast"
/usr/bin/make -f CMakeFiles/cmTryCompileExec107165563.dir/build.make CMakeFiles/cmTryCompileExec107165563.dir/build
"/Applications/CMake 2.8-12.app/Contents/bin/cmake" -E cmake_progress_report /Users/er113/2014-05_beth_pcbm-cg-dos/gromacs-4.6.5/build/CMakeFiles/CMakeTmp/CMakeFiles 1
Building C object CMakeFiles/cmTryCompileExec107165563.dir/CheckIncludeFiles.c.o
/usr/bin/cc   -Wall -Wno-unused -Wunused-value -Wno-unknown-pragmas      -o CMakeFiles/cmTryCompileExec107165563.dir/CheckIncludeFiles.c.o   -c /Users/er113/2014-05_beth_pcbm-cg-dos/gromacs-4.6.5/build/CMakeFiles/CMakeTmp/CheckIncludeFiles.c
/Users/er113/2014-05_beth_pcbm-cg-dos/gromacs-4.6.5/build/CMakeFiles/CMakeTmp/CheckIncludeFiles.c:2:10: fatal error: 'direct.h' file not found
#include <direct.h>
         ^
1 error generated.
make[1]: *** [CMakeFiles/cmTryCompileExec107165563.dir/CheckIncludeFiles.c.o] Error 1
make: *** [cmTryCompileExec107165563/fast] Error 2

Source:
/* */
#include <direct.h>


int main(){return 0;}

Determining if files io.h exist failed with the following output:
Change Dir: /Users/er113/2014-05_beth_pcbm-cg-dos/gromacs-4.6.5/build/CMakeFiles/CMakeTmp

Run Build Command:/usr/bin/make "cmTryCompileExec293534746/fast"
/usr/bin/make -f CMakeFiles/cmTryCompileExec293534746.dir/build.make CMakeFiles/cmTryCompileExec293534746.dir/build
"/Applications/CMake 2.8-12.app/Contents/bin/cmake" -E cmake_progress_report /Users/er113/2014-05_beth_pcbm-cg-dos/gromacs-4.6.5/build/CMakeFiles/CMakeTmp/CMakeFiles 1
Building C object CMakeFiles/cmTryCompileExec293534746.dir/CheckIncludeFiles.c.o
/usr/bin/cc   -Wall -Wno-unused -Wunused-value -Wno-unknown-pragmas      -o CMakeFiles/cmTryCompileExec293534746.dir/CheckIncludeFiles.c.o   -c /Users/er113/2014-05_beth_pcbm-cg-dos/gromacs-4.6.5/build/CMakeFiles/CMakeTmp/CheckIncludeFiles.c
/Users/er113/2014-05_beth_pcbm-cg-dos/gromacs-4.6.5/build/CMakeFiles/CMakeTmp/CheckIncludeFiles.c:2:10: fatal error: 'io.h' file not found
#include <io.h>
         ^
1 error generated.
make[1]: *** [CMakeFiles/cmTryCompileExec293534746.dir/CheckIncludeFiles.c.o] Error 1
make: *** [cmTryCompileExec293534746/fast] Error 2

Source:
/* */
#include <io.h>


int main(){return 0;}

Determining if the function memalign exists failed with the following output:
Change Dir: /Users/er113/2014-05_beth_pcbm-cg-dos/gromacs-4.6.5/build/CMakeFiles/CMakeTmp

Run Build Command:/usr/bin/make "cmTryCompileExec2295718928/fast"
/usr/bin/make -f CMakeFiles/cmTryCompileExec2295718928.dir/build.make CMakeFiles/cmTryCompileExec2295718928.dir/build
"/Applications/CMake 2.8-12.app/Contents/bin/cmake" -E cmake_progress_report /Users/er113/2014-05_beth_pcbm-cg-dos/gromacs-4.6.5/build/CMakeFiles/CMakeTmp/CMakeFiles 1
Building C object CMakeFiles/cmTryCompileExec2295718928.dir/CheckFunctionExists.c.o
/usr/bin/cc   -Wall -Wno-unused -Wunused-value -Wno-unknown-pragmas   -DCHECK_FUNCTION_EXISTS=memalign   -o CMakeFiles/cmTryCompileExec2295718928.dir/CheckFunctionExists.c.o   -c "/Applications/CMake 2.8-12.app/Contents/share/cmake-2.8/Modules/CheckFunctionExists.c"
Linking C executable cmTryCompileExec2295718928
"/Applications/CMake 2.8-12.app/Contents/bin/cmake" -E cmake_link_script CMakeFiles/cmTryCompileExec2295718928.dir/link.txt --verbose=1
/usr/bin/cc  -Wall -Wno-unused -Wunused-value -Wno-unknown-pragmas   -DCHECK_FUNCTION_EXISTS=memalign -Wl,-search_paths_first -Wl,-headerpad_max_install_names   CMakeFiles/cmTryCompileExec2295718928.dir/CheckFunctionExists.c.o  -o cmTryCompileExec2295718928  
Undefined symbols for architecture x86_64:
  "_memalign", referenced from:
      _main in CheckFunctionExists.c.o
ld: symbol(s) not found for architecture x86_64
clang: error: linker command failed with exit code 1 (use -v to see invocation)
make[1]: *** [cmTryCompileExec2295718928] Error 1
make: *** [cmTryCompileExec2295718928/fast] Error 2


Determining if the function _aligned_malloc exists failed with the following output:
Change Dir: /Users/er113/2014-05_beth_pcbm-cg-dos/gromacs-4.6.5/build/CMakeFiles/CMakeTmp

Run Build Command:/usr/bin/make "cmTryCompileExec2654784407/fast"
/usr/bin/make -f CMakeFiles/cmTryCompileExec2654784407.dir/build.make CMakeFiles/cmTryCompileExec2654784407.dir/build
"/Applications/CMake 2.8-12.app/Contents/bin/cmake" -E cmake_progress_report /Users/er113/2014-05_beth_pcbm-cg-dos/gromacs-4.6.5/build/CMakeFiles/CMakeTmp/CMakeFiles 1
Building C object CMakeFiles/cmTryCompileExec2654784407.dir/CheckFunctionExists.c.o
/usr/bin/cc   -Wall -Wno-unused -Wunused-value -Wno-unknown-pragmas   -DCHECK_FUNCTION_EXISTS=_aligned_malloc   -o CMakeFiles/cmTryCompileExec2654784407.dir/CheckFunctionExists.c.o   -c "/Applications/CMake 2.8-12.app/Contents/share/cmake-2.8/Modules/CheckFunctionExists.c"
Linking C executable cmTryCompileExec2654784407
"/Applications/CMake 2.8-12.app/Contents/bin/cmake" -E cmake_link_script CMakeFiles/cmTryCompileExec2654784407.dir/link.txt --verbose=1
/usr/bin/cc  -Wall -Wno-unused -Wunused-value -Wno-unknown-pragmas   -DCHECK_FUNCTION_EXISTS=_aligned_malloc -Wl,-search_paths_first -Wl,-headerpad_max_install_names   CMakeFiles/cmTryCompileExec2654784407.dir/CheckFunctionExists.c.o  -o cmTryCompileExec2654784407  
Undefined symbols for architecture x86_64:
  "__aligned_malloc", referenced from:
      _main in CheckFunctionExists.c.o
ld: symbol(s) not found for architecture x86_64
clang: error: linker command failed with exit code 1 (use -v to see invocation)
make[1]: *** [cmTryCompileExec2654784407] Error 1
make: *** [cmTryCompileExec2654784407/fast] Error 2


Determining if the function _isnan exists failed with the following output:
Change Dir: /Users/er113/2014-05_beth_pcbm-cg-dos/gromacs-4.6.5/build/CMakeFiles/CMakeTmp

Run Build Command:/usr/bin/make "cmTryCompileExec3269949934/fast"
/usr/bin/make -f CMakeFiles/cmTryCompileExec3269949934.dir/build.make CMakeFiles/cmTryCompileExec3269949934.dir/build
"/Applications/CMake 2.8-12.app/Contents/bin/cmake" -E cmake_progress_report /Users/er113/2014-05_beth_pcbm-cg-dos/gromacs-4.6.5/build/CMakeFiles/CMakeTmp/CMakeFiles 1
Building C object CMakeFiles/cmTryCompileExec3269949934.dir/CheckFunctionExists.c.o
/usr/bin/cc   -Wall -Wno-unused -Wunused-value -Wno-unknown-pragmas   -DCHECK_FUNCTION_EXISTS=_isnan   -o CMakeFiles/cmTryCompileExec3269949934.dir/CheckFunctionExists.c.o   -c "/Applications/CMake 2.8-12.app/Contents/share/cmake-2.8/Modules/CheckFunctionExists.c"
Linking C executable cmTryCompileExec3269949934
"/Applications/CMake 2.8-12.app/Contents/bin/cmake" -E cmake_link_script CMakeFiles/cmTryCompileExec3269949934.dir/link.txt --verbose=1
/usr/bin/cc  -Wall -Wno-unused -Wunused-value -Wno-unknown-pragmas   -DCHECK_FUNCTION_EXISTS=_isnan -Wl,-search_paths_first -Wl,-headerpad_max_install_names   CMakeFiles/cmTryCompileExec3269949934.dir/CheckFunctionExists.c.o  -o cmTryCompileExec3269949934  
Undefined symbols for architecture x86_64:
  "__isnan", referenced from:
      _main in CheckFunctionExists.c.o
ld: symbol(s) not found for architecture x86_64
clang: error: linker command failed with exit code 1 (use -v to see invocation)
make[1]: *** [cmTryCompileExec3269949934] Error 1
make: *** [cmTryCompileExec3269949934/fast] Error 2


Determining if the function _fileno exists failed with the following output:
Change Dir: /Users/er113/2014-05_beth_pcbm-cg-dos/gromacs-4.6.5/build/CMakeFiles/CMakeTmp

Run Build Command:/usr/bin/make "cmTryCompileExec1086242124/fast"
/usr/bin/make -f CMakeFiles/cmTryCompileExec1086242124.dir/build.make CMakeFiles/cmTryCompileExec1086242124.dir/build
"/Applications/CMake 2.8-12.app/Contents/bin/cmake" -E cmake_progress_report /Users/er113/2014-05_beth_pcbm-cg-dos/gromacs-4.6.5/build/CMakeFiles/CMakeTmp/CMakeFiles 1
Building C object CMakeFiles/cmTryCompileExec1086242124.dir/CheckFunctionExists.c.o
/usr/bin/cc   -Wall -Wno-unused -Wunused-value -Wno-unknown-pragmas   -DCHECK_FUNCTION_EXISTS=_fileno   -o CMakeFiles/cmTryCompileExec1086242124.dir/CheckFunctionExists.c.o   -c "/Applications/CMake 2.8-12.app/Contents/share/cmake-2.8/Modules/CheckFunctionExists.c"
Linking C executable cmTryCompileExec1086242124
"/Applications/CMake 2.8-12.app/Contents/bin/cmake" -E cmake_link_script CMakeFiles/cmTryCompileExec1086242124.dir/link.txt --verbose=1
/usr/bin/cc  -Wall -Wno-unused -Wunused-value -Wno-unknown-pragmas   -DCHECK_FUNCTION_EXISTS=_fileno -Wl,-search_paths_first -Wl,-headerpad_max_install_names   CMakeFiles/cmTryCompileExec1086242124.dir/CheckFunctionExists.c.o  -o cmTryCompileExec1086242124  
Undefined symbols for architecture x86_64:
  "__fileno", referenced from:
      _main in CheckFunctionExists.c.o
ld: symbol(s) not found for architecture x86_64
clang: error: linker command failed with exit code 1 (use -v to see invocation)
make[1]: *** [cmTryCompileExec1086242124] Error 1
make: *** [cmTryCompileExec1086242124/fast] Error 2


Determining if the function _commit exists failed with the following output:
Change Dir: /Users/er113/2014-05_beth_pcbm-cg-dos/gromacs-4.6.5/build/CMakeFiles/CMakeTmp

Run Build Command:/usr/bin/make "cmTryCompileExec4288606112/fast"
/usr/bin/make -f CMakeFiles/cmTryCompileExec4288606112.dir/build.make CMakeFiles/cmTryCompileExec4288606112.dir/build
"/Applications/CMake 2.8-12.app/Contents/bin/cmake" -E cmake_progress_report /Users/er113/2014-05_beth_pcbm-cg-dos/gromacs-4.6.5/build/CMakeFiles/CMakeTmp/CMakeFiles 1
Building C object CMakeFiles/cmTryCompileExec4288606112.dir/CheckFunctionExists.c.o
/usr/bin/cc   -Wall -Wno-unused -Wunused-value -Wno-unknown-pragmas   -DCHECK_FUNCTION_EXISTS=_commit   -o CMakeFiles/cmTryCompileExec4288606112.dir/CheckFunctionExists.c.o   -c "/Applications/CMake 2.8-12.app/Contents/share/cmake-2.8/Modules/CheckFunctionExists.c"
Linking C executable cmTryCompileExec4288606112
"/Applications/CMake 2.8-12.app/Contents/bin/cmake" -E cmake_link_script CMakeFiles/cmTryCompileExec4288606112.dir/link.txt --verbose=1
/usr/bin/cc  -Wall -Wno-unused -Wunused-value -Wno-unknown-pragmas   -DCHECK_FUNCTION_EXISTS=_commit -Wl,-search_paths_first -Wl,-headerpad_max_install_names   CMakeFiles/cmTryCompileExec4288606112.dir/CheckFunctionExists.c.o  -o cmTryCompileExec4288606112  
Undefined symbols for architecture x86_64:
  "__commit", referenced from:
      _main in CheckFunctionExists.c.o
ld: symbol(s) not found for architecture x86_64
clang: error: linker command failed with exit code 1 (use -v to see invocation)
make[1]: *** [cmTryCompileExec4288606112] Error 1
make: *** [cmTryCompileExec4288606112/fast] Error 2


Determining if the function sched_setaffinity exists failed with the following output:
Change Dir: /Users/er113/2014-05_beth_pcbm-cg-dos/gromacs-4.6.5/build/CMakeFiles/CMakeTmp

Run Build Command:/usr/bin/make "cmTryCompileExec1301650602/fast"
/usr/bin/make -f CMakeFiles/cmTryCompileExec1301650602.dir/build.make CMakeFiles/cmTryCompileExec1301650602.dir/build
"/Applications/CMake 2.8-12.app/Contents/bin/cmake" -E cmake_progress_report /Users/er113/2014-05_beth_pcbm-cg-dos/gromacs-4.6.5/build/CMakeFiles/CMakeTmp/CMakeFiles 1
Building C object CMakeFiles/cmTryCompileExec1301650602.dir/CheckFunctionExists.c.o
/usr/bin/cc   -Wall -Wno-unused -Wunused-value -Wno-unknown-pragmas   -DCHECK_FUNCTION_EXISTS=sched_setaffinity   -o CMakeFiles/cmTryCompileExec1301650602.dir/CheckFunctionExists.c.o   -c "/Applications/CMake 2.8-12.app/Contents/share/cmake-2.8/Modules/CheckFunctionExists.c"
Linking C executable cmTryCompileExec1301650602
"/Applications/CMake 2.8-12.app/Contents/bin/cmake" -E cmake_link_script CMakeFiles/cmTryCompileExec1301650602.dir/link.txt --verbose=1
/usr/bin/cc  -Wall -Wno-unused -Wunused-value -Wno-unknown-pragmas   -DCHECK_FUNCTION_EXISTS=sched_setaffinity -Wl,-search_paths_first -Wl,-headerpad_max_install_names   CMakeFiles/cmTryCompileExec1301650602.dir/CheckFunctionExists.c.o  -o cmTryCompileExec1301650602  
Undefined symbols for architecture x86_64:
  "_sched_setaffinity", referenced from:
      _main in CheckFunctionExists.c.o
ld: symbol(s) not found for architecture x86_64
clang: error: linker command failed with exit code 1 (use -v to see invocation)
make[1]: *** [cmTryCompileExec1301650602] Error 1
make: *** [cmTryCompileExec1301650602/fast] Error 2


Determining if the function sched_getaffinity exists failed with the following output:
Change Dir: /Users/er113/2014-05_beth_pcbm-cg-dos/gromacs-4.6.5/build/CMakeFiles/CMakeTmp

Run Build Command:/usr/bin/make "cmTryCompileExec3840500654/fast"
/usr/bin/make -f CMakeFiles/cmTryCompileExec3840500654.dir/build.make CMakeFiles/cmTryCompileExec3840500654.dir/build
"/Applications/CMake 2.8-12.app/Contents/bin/cmake" -E cmake_progress_report /Users/er113/2014-05_beth_pcbm-cg-dos/gromacs-4.6.5/build/CMakeFiles/CMakeTmp/CMakeFiles 1
Building C object CMakeFiles/cmTryCompileExec3840500654.dir/CheckFunctionExists.c.o
/usr/bin/cc   -Wall -Wno-unused -Wunused-value -Wno-unknown-pragmas   -DCHECK_FUNCTION_EXISTS=sched_getaffinity   -o CMakeFiles/cmTryCompileExec3840500654.dir/CheckFunctionExists.c.o   -c "/Applications/CMake 2.8-12.app/Contents/share/cmake-2.8/Modules/CheckFunctionExists.c"
Linking C executable cmTryCompileExec3840500654
"/Applications/CMake 2.8-12.app/Contents/bin/cmake" -E cmake_link_script CMakeFiles/cmTryCompileExec3840500654.dir/link.txt --verbose=1
/usr/bin/cc  -Wall -Wno-unused -Wunused-value -Wno-unknown-pragmas   -DCHECK_FUNCTION_EXISTS=sched_getaffinity -Wl,-search_paths_first -Wl,-headerpad_max_install_names   CMakeFiles/cmTryCompileExec3840500654.dir/CheckFunctionExists.c.o  -o cmTryCompileExec3840500654  
Undefined symbols for architecture x86_64:
  "_sched_getaffinity", referenced from:
      _main in CheckFunctionExists.c.o
ld: symbol(s) not found for architecture x86_64
clang: error: linker command failed with exit code 1 (use -v to see invocation)
make[1]: *** [cmTryCompileExec3840500654] Error 1
make: *** [cmTryCompileExec3840500654/fast] Error 2


Determining if the function rsqrt exists failed with the following output:
Change Dir: /Users/er113/2014-05_beth_pcbm-cg-dos/gromacs-4.6.5/build/CMakeFiles/CMakeTmp

Run Build Command:/usr/bin/make "cmTryCompileExec2524731702/fast"
/usr/bin/make -f CMakeFiles/cmTryCompileExec2524731702.dir/build.make CMakeFiles/cmTryCompileExec2524731702.dir/build
"/Applications/CMake 2.8-12.app/Contents/bin/cmake" -E cmake_progress_report /Users/er113/2014-05_beth_pcbm-cg-dos/gromacs-4.6.5/build/CMakeFiles/CMakeTmp/CMakeFiles 1
Building C object CMakeFiles/cmTryCompileExec2524731702.dir/CheckFunctionExists.c.o
/usr/bin/cc   -Wall -Wno-unused -Wunused-value -Wno-unknown-pragmas   -DCHECK_FUNCTION_EXISTS=rsqrt   -o CMakeFiles/cmTryCompileExec2524731702.dir/CheckFunctionExists.c.o   -c "/Applications/CMake 2.8-12.app/Contents/share/cmake-2.8/Modules/CheckFunctionExists.c"
Linking C executable cmTryCompileExec2524731702
"/Applications/CMake 2.8-12.app/Contents/bin/cmake" -E cmake_link_script CMakeFiles/cmTryCompileExec2524731702.dir/link.txt --verbose=1
/usr/bin/cc  -Wall -Wno-unused -Wunused-value -Wno-unknown-pragmas   -DCHECK_FUNCTION_EXISTS=rsqrt -Wl,-search_paths_first -Wl,-headerpad_max_install_names   CMakeFiles/cmTryCompileExec2524731702.dir/CheckFunctionExists.c.o  -o cmTryCompileExec2524731702  
Undefined symbols for architecture x86_64:
  "_rsqrt", referenced from:
      _main in CheckFunctionExists.c.o
ld: symbol(s) not found for architecture x86_64
clang: error: linker command failed with exit code 1 (use -v to see invocation)
make[1]: *** [cmTryCompileExec2524731702] Error 1
make: *** [cmTryCompileExec2524731702/fast] Error 2


Determining if the function rsqrtf exists failed with the following output:
Change Dir: /Users/er113/2014-05_beth_pcbm-cg-dos/gromacs-4.6.5/build/CMakeFiles/CMakeTmp

Run Build Command:/usr/bin/make "cmTryCompileExec3887779764/fast"
/usr/bin/make -f CMakeFiles/cmTryCompileExec3887779764.dir/build.make CMakeFiles/cmTryCompileExec3887779764.dir/build
"/Applications/CMake 2.8-12.app/Contents/bin/cmake" -E cmake_progress_report /Users/er113/2014-05_beth_pcbm-cg-dos/gromacs-4.6.5/build/CMakeFiles/CMakeTmp/CMakeFiles 1
Building C object CMakeFiles/cmTryCompileExec3887779764.dir/CheckFunctionExists.c.o
/usr/bin/cc   -Wall -Wno-unused -Wunused-value -Wno-unknown-pragmas   -DCHECK_FUNCTION_EXISTS=rsqrtf   -o CMakeFiles/cmTryCompileExec3887779764.dir/CheckFunctionExists.c.o   -c "/Applications/CMake 2.8-12.app/Contents/share/cmake-2.8/Modules/CheckFunctionExists.c"
Linking C executable cmTryCompileExec3887779764
"/Applications/CMake 2.8-12.app/Contents/bin/cmake" -E cmake_link_script CMakeFiles/cmTryCompileExec3887779764.dir/link.txt --verbose=1
/usr/bin/cc  -Wall -Wno-unused -Wunused-value -Wno-unknown-pragmas   -DCHECK_FUNCTION_EXISTS=rsqrtf -Wl,-search_paths_first -Wl,-headerpad_max_install_names   CMakeFiles/cmTryCompileExec3887779764.dir/CheckFunctionExists.c.o  -o cmTryCompileExec3887779764  
Undefined symbols for architecture x86_64:
  "_rsqrtf", referenced from:
      _main in CheckFunctionExists.c.o
ld: symbol(s) not found for architecture x86_64
clang: error: linker command failed with exit code 1 (use -v to see invocation)
make[1]: *** [cmTryCompileExec3887779764] Error 1
make: *** [cmTryCompileExec3887779764/fast] Error 2


Determining size of bool failed with the following output:
Change Dir: /Users/er113/2014-05_beth_pcbm-cg-dos/gromacs-4.6.5/build/CMakeFiles/CMakeTmp

Run Build Command:/usr/bin/make "cmTryCompileExec903408348/fast"
/usr/bin/make -f CMakeFiles/cmTryCompileExec903408348.dir/build.make CMakeFiles/cmTryCompileExec903408348.dir/build
"/Applications/CMake 2.8-12.app/Contents/bin/cmake" -E cmake_progress_report /Users/er113/2014-05_beth_pcbm-cg-dos/gromacs-4.6.5/build/CMakeFiles/CMakeTmp/CMakeFiles 1
Building C object CMakeFiles/cmTryCompileExec903408348.dir/SIZEOF_BOOL.c.o
/usr/bin/cc   -Wall -Wno-unused -Wunused-value -Wno-unknown-pragmas      -o CMakeFiles/cmTryCompileExec903408348.dir/SIZEOF_BOOL.c.o   -c /Users/er113/2014-05_beth_pcbm-cg-dos/gromacs-4.6.5/build/CMakeFiles/CheckTypeSize/SIZEOF_BOOL.c
/Users/er113/2014-05_beth_pcbm-cg-dos/gromacs-4.6.5/build/CMakeFiles/CheckTypeSize/SIZEOF_BOOL.c:19:12: error: use of undeclared identifier 'bool'
  ('0' + ((SIZE / 10000)%10)),
           ^
/Users/er113/2014-05_beth_pcbm-cg-dos/gromacs-4.6.5/build/CMakeFiles/CheckTypeSize/SIZEOF_BOOL.c:17:22: note: expanded from macro 'SIZE'
#define SIZE (sizeof(bool))
                     ^
/Users/er113/2014-05_beth_pcbm-cg-dos/gromacs-4.6.5/build/CMakeFiles/CheckTypeSize/SIZEOF_BOOL.c:20:12: error: use of undeclared identifier 'bool'
  ('0' + ((SIZE / 1000)%10)),
           ^
/Users/er113/2014-05_beth_pcbm-cg-dos/gromacs-4.6.5/build/CMakeFiles/CheckTypeSize/SIZEOF_BOOL.c:17:22: note: expanded from macro 'SIZE'
#define SIZE (sizeof(bool))
                     ^
/Users/er113/2014-05_beth_pcbm-cg-dos/gromacs-4.6.5/build/CMakeFiles/CheckTypeSize/SIZEOF_BOOL.c:21:12: error: use of undeclared identifier 'bool'
  ('0' + ((SIZE / 100)%10)),
           ^
/Users/er113/2014-05_beth_pcbm-cg-dos/gromacs-4.6.5/build/CMakeFiles/CheckTypeSize/SIZEOF_BOOL.c:17:22: note: expanded from macro 'SIZE'
#define SIZE (sizeof(bool))
                     ^
/Users/er113/2014-05_beth_pcbm-cg-dos/gromacs-4.6.5/build/CMakeFiles/CheckTypeSize/SIZEOF_BOOL.c:22:12: error: use of undeclared identifier 'bool'
  ('0' + ((SIZE / 10)%10)),
           ^
/Users/er113/2014-05_beth_pcbm-cg-dos/gromacs-4.6.5/build/CMakeFiles/CheckTypeSize/SIZEOF_BOOL.c:17:22: note: expanded from macro 'SIZE'
#define SIZE (sizeof(bool))
                     ^
/Users/er113/2014-05_beth_pcbm-cg-dos/gromacs-4.6.5/build/CMakeFiles/CheckTypeSize/SIZEOF_BOOL.c:23:12: error: use of undeclared identifier 'bool'
  ('0' +  (SIZE    % 10)),
           ^
/Users/er113/2014-05_beth_pcbm-cg-dos/gromacs-4.6.5/build/CMakeFiles/CheckTypeSize/SIZEOF_BOOL.c:17:22: note: expanded from macro 'SIZE'
#define SIZE (sizeof(bool))
                     ^
5 errors generated.
make[1]: *** [CMakeFiles/cmTryCompileExec903408348.dir/SIZEOF_BOOL.c.o] Error 1
make: *** [cmTryCompileExec903408348/fast] Error 2

/Users/er113/2014-05_beth_pcbm-cg-dos/gromacs-4.6.5/build/CMakeFiles/CheckTypeSize/SIZEOF_BOOL.c:
#include <sys/types.h>
#include <stdint.h>
#include <stddef.h>


#undef KEY
#if defined(__i386)
# define KEY '_','_','i','3','8','6'
#elif defined(__x86_64)
# define KEY '_','_','x','8','6','_','6','4'
#elif defined(__ppc__)
# define KEY '_','_','p','p','c','_','_'
#elif defined(__ppc64__)
# define KEY '_','_','p','p','c','6','4','_','_'
#endif

#define SIZE (sizeof(bool))
char info_size[] =  {'I', 'N', 'F', 'O', ':', 's','i','z','e','[',
  ('0' + ((SIZE / 10000)%10)),
  ('0' + ((SIZE / 1000)%10)),
  ('0' + ((SIZE / 100)%10)),
  ('0' + ((SIZE / 10)%10)),
  ('0' +  (SIZE    % 10)),
  ']',
#ifdef KEY
  ' ','k','e','y','[', KEY, ']',
#endif
  '\0'};

#ifdef __CLASSIC_C__
int main(argc, argv) int argc; char *argv[];
#else
int main(int argc, char *argv[])
#endif
{
  int require = 0;
  require += info_size[argc];
  (void)argv;
  return require;
}


Determining if the system is big endian passed with the following output:
Change Dir: /Users/er113/2014-05_beth_pcbm-cg-dos/gromacs-4.6.5/build/CMakeFiles/CMakeTmp

Run Build Command:/usr/bin/make "cmTryCompileExec4245228959/fast"
/usr/bin/make -f CMakeFiles/cmTryCompileExec4245228959.dir/build.make CMakeFiles/cmTryCompileExec4245228959.dir/build
"/Applications/CMake 2.8-12.app/Contents/bin/cmake" -E cmake_progress_report /Users/er113/2014-05_beth_pcbm-cg-dos/gromacs-4.6.5/build/CMakeFiles/CMakeTmp/CMakeFiles 1
Building C object CMakeFiles/cmTryCompileExec4245228959.dir/TestEndianess.c.o
/usr/bin/cc   -Wall -Wno-unused -Wunused-value -Wno-unknown-pragmas      -o CMakeFiles/cmTryCompileExec4245228959.dir/TestEndianess.c.o   -c /Users/er113/2014-05_beth_pcbm-cg-dos/gromacs-4.6.5/build/CMakeFiles/CMakeTmp/TestEndianess.c
Linking C executable cmTryCompileExec4245228959
"/Applications/CMake 2.8-12.app/Contents/bin/cmake" -E cmake_link_script CMakeFiles/cmTryCompileExec4245228959.dir/link.txt --verbose=1
/usr/bin/cc  -Wall -Wno-unused -Wunused-value -Wno-unknown-pragmas    -Wl,-search_paths_first -Wl,-headerpad_max_install_names   CMakeFiles/cmTryCompileExec4245228959.dir/TestEndianess.c.o  -o cmTryCompileExec4245228959  

TestEndianess.c:
/* A 16 bit integer is required. */
typedef unsigned short cmakeint16;

/* On a little endian machine, these 16bit ints will give "THIS IS LITTLE ENDIAN."
   On a big endian machine the characters will be exchanged pairwise. */
const cmakeint16 info_little[] =  {0x4854, 0x5349, 0x4920, 0x2053, 0x494c, 0x5454, 0x454c, 0x4520, 0x444e, 0x4149, 0x2e4e, 0x0000};

/* on a big endian machine, these 16bit ints will give "THIS IS BIG ENDIAN."
   On a little endian machine the characters will be exchanged pairwise. */
const cmakeint16 info_big[] =     {0x5448, 0x4953, 0x2049, 0x5320, 0x4249, 0x4720, 0x454e, 0x4449, 0x414e, 0x2e2e, 0x0000};

#ifdef __CLASSIC_C__
int main(argc, argv) int argc; char *argv[];
#else
int main(int argc, char *argv[])
#endif
{
  int require = 0;
  require += info_little[argc];
  require += info_big[argc];
  (void)argv;
  return require;
}


Performing C SOURCE FILE Test PTHREAD_SETAFFINITY failed with the following output:
Change Dir: /Users/er113/2014-05_beth_pcbm-cg-dos/gromacs-4.6.5/build/CMakeFiles/CMakeTmp

Run Build Command:/usr/bin/make "cmTryCompileExec3548028447/fast"
/usr/bin/make -f CMakeFiles/cmTryCompileExec3548028447.dir/build.make CMakeFiles/cmTryCompileExec3548028447.dir/build
"/Applications/CMake 2.8-12.app/Contents/bin/cmake" -E cmake_progress_report /Users/er113/2014-05_beth_pcbm-cg-dos/gromacs-4.6.5/build/CMakeFiles/CMakeTmp/CMakeFiles 1
Building C object CMakeFiles/cmTryCompileExec3548028447.dir/src.c.o
/usr/bin/cc   -Wall -Wno-unused -Wunused-value -Wno-unknown-pragmas   -DPTHREAD_SETAFFINITY   -o CMakeFiles/cmTryCompileExec3548028447.dir/src.c.o   -c /Users/er113/2014-05_beth_pcbm-cg-dos/gromacs-4.6.5/build/CMakeFiles/CMakeTmp/src.c
/Users/er113/2014-05_beth_pcbm-cg-dos/gromacs-4.6.5/build/CMakeFiles/CMakeTmp/src.c:6:22: error: use of undeclared identifier 'cpu_set_t'
    int main(void) { cpu_set_t set;
                     ^
/Users/er113/2014-05_beth_pcbm-cg-dos/gromacs-4.6.5/build/CMakeFiles/CMakeTmp/src.c:7:9: warning: implicit declaration of function 'CPU_ZERO' is invalid in C99 [-Wimplicit-function-declaration]
        CPU_ZERO(&set);
        ^
/Users/er113/2014-05_beth_pcbm-cg-dos/gromacs-4.6.5/build/CMakeFiles/CMakeTmp/src.c:7:19: error: use of undeclared identifier 'set'
        CPU_ZERO(&set);
                  ^
/Users/er113/2014-05_beth_pcbm-cg-dos/gromacs-4.6.5/build/CMakeFiles/CMakeTmp/src.c:8:9: warning: implicit declaration of function 'CPU_SET' is invalid in C99 [-Wimplicit-function-declaration]
        CPU_SET(0, &set);
        ^
/Users/er113/2014-05_beth_pcbm-cg-dos/gromacs-4.6.5/build/CMakeFiles/CMakeTmp/src.c:8:21: error: use of undeclared identifier 'set'
        CPU_SET(0, &set);
                    ^
/Users/er113/2014-05_beth_pcbm-cg-dos/gromacs-4.6.5/build/CMakeFiles/CMakeTmp/src.c:9:9: warning: implicit declaration of function 'pthread_setaffinity_np' is invalid in C99 [-Wimplicit-function-declaration]
        pthread_setaffinity_np(pthread_self(), sizeof(set), &set);
        ^
/Users/er113/2014-05_beth_pcbm-cg-dos/gromacs-4.6.5/build/CMakeFiles/CMakeTmp/src.c:9:55: error: use of undeclared identifier 'set'
        pthread_setaffinity_np(pthread_self(), sizeof(set), &set);
                                                      ^
3 warnings and 4 errors generated.
make[1]: *** [CMakeFiles/cmTryCompileExec3548028447.dir/src.c.o] Error 1
make: *** [cmTryCompileExec3548028447/fast] Error 2

Source file was:
#define _GNU_SOURCE
#include <pthread.h>
#include <stdlib.h>
#include <stdio.h>
#include <errno.h>
    int main(void) { cpu_set_t set;
        CPU_ZERO(&set);
        CPU_SET(0, &set);
        pthread_setaffinity_np(pthread_self(), sizeof(set), &set);
        return 0;
    }
Performing C SOURCE FILE Test _isfinite_compile_ok failed with the following output:
Change Dir: /Users/er113/2014-05_beth_pcbm-cg-dos/gromacs-4.6.5/build/CMakeFiles/CMakeTmp

Run Build Command:/usr/bin/make "cmTryCompileExec4198253313/fast"
/usr/bin/make -f CMakeFiles/cmTryCompileExec4198253313.dir/build.make CMakeFiles/cmTryCompileExec4198253313.dir/build
"/Applications/CMake 2.8-12.app/Contents/bin/cmake" -E cmake_progress_report /Users/er113/2014-05_beth_pcbm-cg-dos/gromacs-4.6.5/build/CMakeFiles/CMakeTmp/CMakeFiles 1
Building C object CMakeFiles/cmTryCompileExec4198253313.dir/src.c.o
/usr/bin/cc   -Wall -Wno-unused -Wunused-value -Wno-unknown-pragmas   -D_isfinite_compile_ok -I/Users/er113/2014-05_beth_pcbm-cg-dos/gromacs-4.6.5/build/CMakeFiles/CMakeTmp/math.h    -o CMakeFiles/cmTryCompileExec4198253313.dir/src.c.o   -c /Users/er113/2014-05_beth_pcbm-cg-dos/gromacs-4.6.5/build/CMakeFiles/CMakeTmp/src.c
/Users/er113/2014-05_beth_pcbm-cg-dos/gromacs-4.6.5/build/CMakeFiles/CMakeTmp/src.c:4:3: warning: implicit declaration of function '_isfinite' is invalid in C99 [-Wimplicit-function-declaration]
  _isfinite(f);
  ^
/Users/er113/2014-05_beth_pcbm-cg-dos/gromacs-4.6.5/build/CMakeFiles/CMakeTmp/src.c:4:13: warning: variable 'f' is uninitialized when used here [-Wuninitialized]
  _isfinite(f);
            ^
/Users/er113/2014-05_beth_pcbm-cg-dos/gromacs-4.6.5/build/CMakeFiles/CMakeTmp/src.c:3:10: note: initialize the variable 'f' to silence this warning
  float f;
         ^
          = 0.0
2 warnings generated.
Linking C executable cmTryCompileExec4198253313
"/Applications/CMake 2.8-12.app/Contents/bin/cmake" -E cmake_link_script CMakeFiles/cmTryCompileExec4198253313.dir/link.txt --verbose=1
/usr/bin/cc  -Wall -Wno-unused -Wunused-value -Wno-unknown-pragmas   -D_isfinite_compile_ok -Wl,-search_paths_first -Wl,-headerpad_max_install_names   CMakeFiles/cmTryCompileExec4198253313.dir/src.c.o  -o cmTryCompileExec4198253313  -lm 
Undefined symbols for architecture x86_64:
  "__isfinite", referenced from:
      _main in src.c.o
ld: symbol(s) not found for architecture x86_64
clang: error: linker command failed with exit code 1 (use -v to see invocation)
make[1]: *** [cmTryCompileExec4198253313] Error 1
make: *** [cmTryCompileExec4198253313/fast] Error 2

Source file was:
#include <math.h>
int main(void) {
  float f;
  _isfinite(f);
}
Performing C SOURCE FILE Test _finite_compile_ok failed with the following output:
Change Dir: /Users/er113/2014-05_beth_pcbm-cg-dos/gromacs-4.6.5/build/CMakeFiles/CMakeTmp

Run Build Command:/usr/bin/make "cmTryCompileExec2382755407/fast"
/usr/bin/make -f CMakeFiles/cmTryCompileExec2382755407.dir/build.make CMakeFiles/cmTryCompileExec2382755407.dir/build
"/Applications/CMake 2.8-12.app/Contents/bin/cmake" -E cmake_progress_report /Users/er113/2014-05_beth_pcbm-cg-dos/gromacs-4.6.5/build/CMakeFiles/CMakeTmp/CMakeFiles 1
Building C object CMakeFiles/cmTryCompileExec2382755407.dir/src.c.o
/usr/bin/cc   -Wall -Wno-unused -Wunused-value -Wno-unknown-pragmas   -D_finite_compile_ok -I/Users/er113/2014-05_beth_pcbm-cg-dos/gromacs-4.6.5/build/CMakeFiles/CMakeTmp/float.h    -o CMakeFiles/cmTryCompileExec2382755407.dir/src.c.o   -c /Users/er113/2014-05_beth_pcbm-cg-dos/gromacs-4.6.5/build/CMakeFiles/CMakeTmp/src.c
/Users/er113/2014-05_beth_pcbm-cg-dos/gromacs-4.6.5/build/CMakeFiles/CMakeTmp/src.c:4:3: warning: implicit declaration of function '_finite' is invalid in C99 [-Wimplicit-function-declaration]
  _finite(f);
  ^
/Users/er113/2014-05_beth_pcbm-cg-dos/gromacs-4.6.5/build/CMakeFiles/CMakeTmp/src.c:4:11: warning: variable 'f' is uninitialized when used here [-Wuninitialized]
  _finite(f);
          ^
/Users/er113/2014-05_beth_pcbm-cg-dos/gromacs-4.6.5/build/CMakeFiles/CMakeTmp/src.c:3:10: note: initialize the variable 'f' to silence this warning
  float f;
         ^
          = 0.0
2 warnings generated.
Linking C executable cmTryCompileExec2382755407
"/Applications/CMake 2.8-12.app/Contents/bin/cmake" -E cmake_link_script CMakeFiles/cmTryCompileExec2382755407.dir/link.txt --verbose=1
/usr/bin/cc  -Wall -Wno-unused -Wunused-value -Wno-unknown-pragmas   -D_finite_compile_ok -Wl,-search_paths_first -Wl,-headerpad_max_install_names   CMakeFiles/cmTryCompileExec2382755407.dir/src.c.o  -o cmTryCompileExec2382755407  
Undefined symbols for architecture x86_64:
  "__finite", referenced from:
      _main in src.c.o
ld: symbol(s) not found for architecture x86_64
clang: error: linker command failed with exit code 1 (use -v to see invocation)
make[1]: *** [cmTryCompileExec2382755407] Error 1
make: *** [cmTryCompileExec2382755407/fast] Error 2

Source file was:
#include <float.h>
int main(void) {
  float f;
  _finite(f);
}
Determining if the include file intrin.h exists failed with the following output:
Change Dir: /Users/er113/2014-05_beth_pcbm-cg-dos/gromacs-4.6.5/build/CMakeFiles/CMakeTmp

Run Build Command:/usr/bin/make "cmTryCompileExec4085244867/fast"
/usr/bin/make -f CMakeFiles/cmTryCompileExec4085244867.dir/build.make CMakeFiles/cmTryCompileExec4085244867.dir/build
"/Applications/CMake 2.8-12.app/Contents/bin/cmake" -E cmake_progress_report /Users/er113/2014-05_beth_pcbm-cg-dos/gromacs-4.6.5/build/CMakeFiles/CMakeTmp/CMakeFiles 1
Building C object CMakeFiles/cmTryCompileExec4085244867.dir/CheckIncludeFile.c.o
/usr/bin/cc   -Wall -Wno-unused -Wunused-value -Wno-unknown-pragmas   -mavx     -o CMakeFiles/cmTryCompileExec4085244867.dir/CheckIncludeFile.c.o   -c /Users/er113/2014-05_beth_pcbm-cg-dos/gromacs-4.6.5/build/CMakeFiles/CMakeTmp/CheckIncludeFile.c
In file included from /Users/er113/2014-05_beth_pcbm-cg-dos/gromacs-4.6.5/build/CMakeFiles/CMakeTmp/CheckIncludeFile.c:1:
/usr/bin/../lib/clang/5.1/include/intrin.h:26:15: fatal error: 'Intrin.h' file not found
#include_next <Intrin.h>
              ^
1 error generated.
make[1]: *** [CMakeFiles/cmTryCompileExec4085244867.dir/CheckIncludeFile.c.o] Error 1
make: *** [cmTryCompileExec4085244867/fast] Error 2


